<?xml version="1.0" encoding="UTF-8"?>
<testsuite xmlns:xsi="http://www.w3.org/2001/XMLSchema-instance" xsi:noNamespaceSchemaLocation="https://maven.apache.org/surefire/maven-surefire-plugin/xsd/surefire-test-report-3.0.xsd" version="3.0" name="com.gestor.tienda.PruebasDeIntegracion.OrdenControllerIntegrationTest" time="30.196" tests="4" errors="0" skipped="0" failures="3">
  <properties>
[...]
</properties>
  <testcase name="testUpdateOrdenSuccess" classname="com.gestor.tienda.PruebasDeIntegracion.OrdenControllerIntegrationTest" time="2.915">
    <failure message="Status expected:&lt;200&gt; but was:&lt;404&gt;" type="java.lang.AssertionError"><![CDATA[java.lang.AssertionError: Status expected:<200> but was:<404>
	at org.springframework.test.util.AssertionErrors.fail(AssertionErrors.java:59)
	at org.springframework.test.util.AssertionErrors.assertEquals(AssertionErrors.java:122)
	at org.springframework.test.web.servlet.result.StatusResultMatchers.lambda$matcher$9(StatusResultMatchers.java:637)
	at org.springframework.test.web.servlet.MockMvc$1.andExpect(MockMvc.java:214)
	at com.gestor.tienda.PruebasDeIntegracion.OrdenControllerIntegrationTest.testUpdateOrdenSuccess(OrdenControllerIntegrationTest.java:105)
	at java.base/java.lang.reflect.Method.invoke(Method.java:568)
	at java.base/java.util.ArrayList.forEach(ArrayList.java:1511)
	at java.base/java.util.ArrayList.forEach(ArrayList.java:1511)
]]></failure>
    <system-out><![CDATA[16:50:40.822 [main] INFO org.springframework.test.context.support.AnnotationConfigContextLoaderUtils -- Could not detect default configuration classes for test class [com.gestor.tienda.PruebasDeIntegracion.OrdenControllerIntegrationTest]: OrdenControllerIntegrationTest does not declare any static, non-private, non-final, nested classes annotated with @Configuration.
16:50:41.215 [main] INFO org.springframework.boot.test.context.SpringBootTestContextBootstrapper -- Found @SpringBootConfiguration com.gestor.tienda.TiendaApplication for test class com.gestor.tienda.PruebasDeIntegracion.OrdenControllerIntegrationTest
16:50:41.870 [main] INFO org.springframework.boot.devtools.restart.RestartApplicationListener -- Restart disabled due to context in which it is running

  .   ____          _            __ _ _
 /\\ / ___'_ __ _ _(_)_ __  __ _ \ \ \ \
( ( )\___ | '_ | '_| | '_ \/ _` | \ \ \ \
 \\/  ___)| |_)| | | | | || (_| |  ) ) ) )
  '  |____| .__|_| |_|_| |_\__, | / / / /
 =========|_|==============|___/=/_/_/_/

 :: Spring Boot ::                (v3.3.3)

2024-11-21T16:50:43.150-03:00  INFO 6744 --- [           main] c.g.t.P.OrdenControllerIntegrationTest   : Starting OrdenControllerIntegrationTest using Java 17.0.11 with PID 6744 (started by Usuario in C:\Users\Usuario\OneDrive\Escritorio\magallanes-management-system\backend)
2024-11-21T16:50:43.155-03:00  INFO 6744 --- [           main] c.g.t.P.OrdenControllerIntegrationTest   : No active profile set, falling back to 1 default profile: "default"
2024-11-21T16:50:48.054-03:00  INFO 6744 --- [           main] .s.d.r.c.RepositoryConfigurationDelegate : Bootstrapping Spring Data JPA repositories in DEFAULT mode.
2024-11-21T16:50:48.447-03:00  INFO 6744 --- [           main] .s.d.r.c.RepositoryConfigurationDelegate : Finished Spring Data repository scanning in 372 ms. Found 7 JPA repository interfaces.
2024-11-21T16:50:52.321-03:00  INFO 6744 --- [           main] o.hibernate.jpa.internal.util.LogHelper  : HHH000204: Processing PersistenceUnitInfo [name: default]
2024-11-21T16:50:52.810-03:00  INFO 6744 --- [           main] org.hibernate.Version                    : HHH000412: Hibernate ORM core version 6.5.2.Final
2024-11-21T16:50:52.977-03:00  INFO 6744 --- [           main] o.h.c.internal.RegionFactoryInitiator    : HHH000026: Second-level cache disabled
2024-11-21T16:50:54.250-03:00  INFO 6744 --- [           main] o.s.o.j.p.SpringPersistenceUnitInfo      : No LoadTimeWeaver setup: ignoring JPA class transformer
2024-11-21T16:50:54.339-03:00  INFO 6744 --- [           main] com.zaxxer.hikari.HikariDataSource       : HikariPool-1 - Starting...
2024-11-21T16:50:54.842-03:00  INFO 6744 --- [           main] com.zaxxer.hikari.pool.HikariPool        : HikariPool-1 - Added connection com.mysql.cj.jdbc.ConnectionImpl@464a3430
2024-11-21T16:50:54.849-03:00  INFO 6744 --- [           main] com.zaxxer.hikari.HikariDataSource       : HikariPool-1 - Start completed.
2024-11-21T16:50:55.098-03:00  WARN 6744 --- [           main] org.hibernate.dialect.Dialect            : HHH000511: The 5.5.5 version for [org.hibernate.dialect.MySQLDialect] is no longer supported, hence certain features may not work properly. The minimum supported version is 8.0.0. Check the community dialects project for available legacy versions.
2024-11-21T16:50:58.837-03:00  INFO 6744 --- [           main] o.h.e.t.j.p.i.JtaPlatformInitiator       : HHH000489: No JTA platform available (set 'hibernate.transaction.jta.platform' to enable JTA platform integration)
2024-11-21T16:50:59.211-03:00  INFO 6744 --- [           main] j.LocalContainerEntityManagerFactoryBean : Initialized JPA EntityManagerFactory for persistence unit 'default'
2024-11-21T16:51:00.789-03:00  INFO 6744 --- [           main] eAuthenticationProviderManagerConfigurer : Global AuthenticationManager configured with AuthenticationProvider bean with name authenticationProvider
2024-11-21T16:51:00.790-03:00  WARN 6744 --- [           main] r$InitializeUserDetailsManagerConfigurer : Global AuthenticationManager configured with an AuthenticationProvider bean. UserDetailsService beans will not be used for username/password login. Consider removing the AuthenticationProvider bean. Alternatively, consider using the UserDetailsService in a manually instantiated DaoAuthenticationProvider.
Hibernate: select count(*) from forma_pago fp1_0
2024-11-21T16:51:02.832-03:00  WARN 6744 --- [           main] JpaBaseConfiguration$JpaWebConfiguration : spring.jpa.open-in-view is enabled by default. Therefore, database queries may be performed during view rendering. Explicitly configure spring.jpa.open-in-view to disable this warning
2024-11-21T16:51:04.475-03:00  INFO 6744 --- [           main] o.s.b.a.e.web.EndpointLinksResolver      : Exposing 1 endpoint beneath base path '/actuator'
2024-11-21T16:51:06.213-03:00  INFO 6744 --- [           main] o.s.b.t.m.w.SpringBootMockServletContext : Initializing Spring TestDispatcherServlet ''
2024-11-21T16:51:06.213-03:00  INFO 6744 --- [           main] o.s.t.web.servlet.TestDispatcherServlet  : Initializing Servlet ''
2024-11-21T16:51:06.216-03:00  INFO 6744 --- [           main] o.s.t.web.servlet.TestDispatcherServlet  : Completed initialization in 2 ms
2024-11-21T16:51:06.395-03:00  INFO 6744 --- [           main] c.g.t.P.OrdenControllerIntegrationTest   : Started OrdenControllerIntegrationTest in 24.59 seconds (process running for 27.71)
Hibernate: select e1_0.id from empleado e1_0 where e1_0.dni=? limit ?
Hibernate: select e1_0.id from empleado e1_0 where e1_0.dni=? limit ?
Hibernate: select e1_0.id,e1_0.apellido,e1_0.dni,e1_0.domicilio,e1_0.email,e1_0.nombre,e1_0.password,e1_0.rol,e1_0.telefono,e1_0.username from empleado e1_0 where e1_0.username=?
Hibernate: select e1_0.id,e1_0.apellido,e1_0.dni,e1_0.domicilio,e1_0.email,e1_0.nombre,e1_0.password,e1_0.rol,e1_0.telefono,e1_0.username from empleado e1_0 where e1_0.username=?
Hibernate: select e1_0.id,e1_0.apellido,e1_0.dni,e1_0.domicilio,e1_0.email,e1_0.nombre,e1_0.password,e1_0.rol,e1_0.telefono,e1_0.username from empleado e1_0 where e1_0.username=?
Hibernate: select count(*) from orden o1_0 where o1_0.id=?

MockHttpServletRequest:
      HTTP Method = PUT
      Request URI = /api/ordenes/20
       Parameters = {}
          Headers = [Content-Type:"application/json;charset=UTF-8", Authorization:"Bearer eyJhbGciOiJIUzI1NiJ9.eyJzdWIiOiJ1c2VyMSIsImlhdCI6MTczMjIxODY2OSwiZXhwIjoxNzMyMjIwMTA5fQ.KXjClJ8xKokaR5O1IIU2M98xklIVZCpU0QJgloSoePs", Content-Length:"207"]
             Body = {"id":0,"fecha":"2024-11-21","hora":"16:51:09.1587386","clienteId":2,"formaPagoId":3,"empleadoId":2,"precioTotal":null,"detallesOrden":[{"id":0,"ordenId":0,"productoId":1,"cantidad":3,"precioDetalle":null}]}
    Session Attrs = {}

Handler:
             Type = com.gestor.tienda.Controller.OrdenController
           Method = com.gestor.tienda.Controller.OrdenController#updateOrden(Integer, OrdenDto)

Async:
    Async started = false
     Async result = null

Resolved Exception:
             Type = null

ModelAndView:
        View name = null
             View = null
            Model = null

FlashMap:
       Attributes = null

MockHttpServletResponse:
           Status = 404
    Error message = null
          Headers = [Vary:"Origin", "Access-Control-Request-Method", "Access-Control-Request-Headers", X-Content-Type-Options:"nosniff", X-XSS-Protection:"0", Cache-Control:"no-cache, no-store, max-age=0, must-revalidate", Pragma:"no-cache", Expires:"0", X-Frame-Options:"DENY"]
     Content type = null
             Body = 
    Forwarded URL = null
   Redirected URL = null
          Cookies = []

MockHttpServletRequest:
      HTTP Method = POST
      Request URI = /auth/login
       Parameters = {}
          Headers = [Content-Type:"application/json;charset=UTF-8", Content-Length:"41"]
             Body = {"username":"user1","password":"user123"}
    Session Attrs = {}

Handler:
             Type = com.gestor.tienda.Auth.AuthController
           Method = com.gestor.tienda.Auth.AuthController#login(LoginRequest)

Async:
    Async started = false
     Async result = null

Resolved Exception:
             Type = null

ModelAndView:
        View name = null
             View = null
            Model = null

FlashMap:
       Attributes = null

MockHttpServletResponse:
           Status = 200
    Error message = null
          Headers = [Vary:"Origin", "Access-Control-Request-Method", "Access-Control-Request-Headers", Authorization:"Bearer eyJhbGciOiJIUzI1NiJ9.eyJzdWIiOiJ1c2VyMSIsImlhdCI6MTczMjIxODY2OSwiZXhwIjoxNzMyMjIwMTA5fQ.KXjClJ8xKokaR5O1IIU2M98xklIVZCpU0QJgloSoePs", Content-Type:"text/plain;charset=UTF-8", Content-Length:"131", X-Content-Type-Options:"nosniff", X-XSS-Protection:"0", Cache-Control:"no-cache, no-store, max-age=0, must-revalidate", Pragma:"no-cache", Expires:"0", X-Frame-Options:"DENY"]
     Content type = text/plain;charset=UTF-8
             Body = eyJhbGciOiJIUzI1NiJ9.eyJzdWIiOiJ1c2VyMSIsImlhdCI6MTczMjIxODY2OSwiZXhwIjoxNzMyMjIwMTA5fQ.KXjClJ8xKokaR5O1IIU2M98xklIVZCpU0QJgloSoePs
    Forwarded URL = null
   Redirected URL = null
          Cookies = []

MockHttpServletRequest:
      HTTP Method = PUT
      Request URI = /api/ordenes/20
       Parameters = {}
          Headers = [Content-Type:"application/json;charset=UTF-8", Authorization:"Bearer eyJhbGciOiJIUzI1NiJ9.eyJzdWIiOiJ1c2VyMSIsImlhdCI6MTczMjIxODY2OSwiZXhwIjoxNzMyMjIwMTA5fQ.KXjClJ8xKokaR5O1IIU2M98xklIVZCpU0QJgloSoePs", Content-Length:"207"]
             Body = {"id":0,"fecha":"2024-11-21","hora":"16:51:09.1587386","clienteId":2,"formaPagoId":3,"empleadoId":2,"precioTotal":null,"detallesOrden":[{"id":0,"ordenId":0,"productoId":1,"cantidad":3,"precioDetalle":null}]}
    Session Attrs = {}

Handler:
             Type = com.gestor.tienda.Controller.OrdenController
           Method = com.gestor.tienda.Controller.OrdenController#updateOrden(Integer, OrdenDto)

Async:
    Async started = false
     Async result = null

Resolved Exception:
             Type = null

ModelAndView:
        View name = null
             View = null
            Model = null

FlashMap:
       Attributes = null

MockHttpServletResponse:
           Status = 404
    Error message = null
          Headers = [Vary:"Origin", "Access-Control-Request-Method", "Access-Control-Request-Headers", X-Content-Type-Options:"nosniff", X-XSS-Protection:"0", Cache-Control:"no-cache, no-store, max-age=0, must-revalidate", Pragma:"no-cache", Expires:"0", X-Frame-Options:"DENY"]
     Content type = null
             Body = 
    Forwarded URL = null
   Redirected URL = null
          Cookies = []
]]></system-out>
  </testcase>
  <testcase name="testCreateOrdenSuccess" classname="com.gestor.tienda.PruebasDeIntegracion.OrdenControllerIntegrationTest" time="0.461">
    <failure message="Status expected:&lt;201&gt; but was:&lt;500&gt;" type="java.lang.AssertionError"><![CDATA[java.lang.AssertionError: Status expected:<201> but was:<500>
	at org.springframework.test.util.AssertionErrors.fail(AssertionErrors.java:59)
	at org.springframework.test.util.AssertionErrors.assertEquals(AssertionErrors.java:122)
	at org.springframework.test.web.servlet.result.StatusResultMatchers.lambda$matcher$9(StatusResultMatchers.java:637)
	at org.springframework.test.web.servlet.MockMvc$1.andExpect(MockMvc.java:214)
	at com.gestor.tienda.PruebasDeIntegracion.OrdenControllerIntegrationTest.testCreateOrdenSuccess(OrdenControllerIntegrationTest.java:69)
	at java.base/java.lang.reflect.Method.invoke(Method.java:568)
	at java.base/java.util.ArrayList.forEach(ArrayList.java:1511)
	at java.base/java.util.ArrayList.forEach(ArrayList.java:1511)
]]></failure>
    <system-out><![CDATA[Hibernate: select e1_0.id,e1_0.apellido,e1_0.dni,e1_0.domicilio,e1_0.email,e1_0.nombre,e1_0.password,e1_0.rol,e1_0.telefono,e1_0.username from empleado e1_0 where e1_0.username=?
Hibernate: select e1_0.id,e1_0.apellido,e1_0.dni,e1_0.domicilio,e1_0.email,e1_0.nombre,e1_0.password,e1_0.rol,e1_0.telefono,e1_0.username from empleado e1_0 where e1_0.username=?
Hibernate: select e1_0.id,e1_0.apellido,e1_0.dni,e1_0.domicilio,e1_0.email,e1_0.nombre,e1_0.password,e1_0.rol,e1_0.telefono,e1_0.username from empleado e1_0 where e1_0.username=?
Hibernate: select p1_0.id,p1_0.color,p1_0.marca,p1_0.nombre,p1_0.precio,p1_0.talle,tp1_0.id,tp1_0.descripcion,tp1_0.nombre from producto p1_0 left join tipo_prenda tp1_0 on tp1_0.id=p1_0.tipo_prenda_id where p1_0.id=?
Hibernate: insert into orden (cliente_id,empleado_id,fecha,forma_pago_id,hora,precio_total) values (?,?,?,?,?,?)
Hibernate: insert into detalle_orden (cantidad,orden_id,precio_detalle,producto_id) values (?,?,?,?)
2024-11-21T16:51:10.081-03:00  WARN 6744 --- [           main] .w.s.m.s.DefaultHandlerExceptionResolver : Resolved [org.springframework.http.converter.HttpMessageNotWritableException: Could not write JSON: Cannot invoke "com.gestor.tienda.Entity.Rol.name()" because "this.rol" is null]

MockHttpServletRequest:
      HTTP Method = POST
      Request URI = /api/ordenes
       Parameters = {}
          Headers = [Content-Type:"application/json;charset=UTF-8", Authorization:"Bearer eyJhbGciOiJIUzI1NiJ9.eyJzdWIiOiJ1c2VyMSIsImlhdCI6MTczMjIxODY2OSwiZXhwIjoxNzMyMjIwMTA5fQ.KXjClJ8xKokaR5O1IIU2M98xklIVZCpU0QJgloSoePs", Content-Length:"207"]
             Body = {"id":0,"fecha":"2024-11-21","hora":"16:51:09.8311561","clienteId":2,"formaPagoId":1,"empleadoId":2,"precioTotal":null,"detallesOrden":[{"id":0,"ordenId":0,"productoId":1,"cantidad":3,"precioDetalle":null}]}
    Session Attrs = {}

Handler:
             Type = com.gestor.tienda.Controller.OrdenController
           Method = com.gestor.tienda.Controller.OrdenController#createOrden(OrdenDto)

Async:
    Async started = false
     Async result = null

Resolved Exception:
             Type = org.springframework.http.converter.HttpMessageNotWritableException

ModelAndView:
        View name = null
             View = null
            Model = null

FlashMap:
       Attributes = null

MockHttpServletResponse:
           Status = 500
    Error message = null
          Headers = [Vary:"Origin", "Access-Control-Request-Method", "Access-Control-Request-Headers", Content-Type:"application/json", X-Content-Type-Options:"nosniff", X-XSS-Protection:"0", Cache-Control:"no-cache, no-store, max-age=0, must-revalidate", Pragma:"no-cache", Expires:"0", X-Frame-Options:"DENY"]
     Content type = application/json
             Body = 
    Forwarded URL = null
   Redirected URL = null
          Cookies = []

MockHttpServletRequest:
      HTTP Method = POST
      Request URI = /auth/login
       Parameters = {}
          Headers = [Content-Type:"application/json;charset=UTF-8", Content-Length:"41"]
             Body = {"username":"user1","password":"user123"}
    Session Attrs = {}

Handler:
             Type = com.gestor.tienda.Auth.AuthController
           Method = com.gestor.tienda.Auth.AuthController#login(LoginRequest)

Async:
    Async started = false
     Async result = null

Resolved Exception:
             Type = null

ModelAndView:
        View name = null
             View = null
            Model = null

FlashMap:
       Attributes = null

MockHttpServletResponse:
           Status = 200
    Error message = null
          Headers = [Vary:"Origin", "Access-Control-Request-Method", "Access-Control-Request-Headers", Authorization:"Bearer eyJhbGciOiJIUzI1NiJ9.eyJzdWIiOiJ1c2VyMSIsImlhdCI6MTczMjIxODY2OSwiZXhwIjoxNzMyMjIwMTA5fQ.KXjClJ8xKokaR5O1IIU2M98xklIVZCpU0QJgloSoePs", Content-Type:"text/plain;charset=UTF-8", Content-Length:"131", X-Content-Type-Options:"nosniff", X-XSS-Protection:"0", Cache-Control:"no-cache, no-store, max-age=0, must-revalidate", Pragma:"no-cache", Expires:"0", X-Frame-Options:"DENY"]
     Content type = text/plain;charset=UTF-8
             Body = eyJhbGciOiJIUzI1NiJ9.eyJzdWIiOiJ1c2VyMSIsImlhdCI6MTczMjIxODY2OSwiZXhwIjoxNzMyMjIwMTA5fQ.KXjClJ8xKokaR5O1IIU2M98xklIVZCpU0QJgloSoePs
    Forwarded URL = null
   Redirected URL = null
          Cookies = []

MockHttpServletRequest:
      HTTP Method = POST
      Request URI = /api/ordenes
       Parameters = {}
          Headers = [Content-Type:"application/json;charset=UTF-8", Authorization:"Bearer eyJhbGciOiJIUzI1NiJ9.eyJzdWIiOiJ1c2VyMSIsImlhdCI6MTczMjIxODY2OSwiZXhwIjoxNzMyMjIwMTA5fQ.KXjClJ8xKokaR5O1IIU2M98xklIVZCpU0QJgloSoePs", Content-Length:"207"]
             Body = {"id":0,"fecha":"2024-11-21","hora":"16:51:09.8311561","clienteId":2,"formaPagoId":1,"empleadoId":2,"precioTotal":null,"detallesOrden":[{"id":0,"ordenId":0,"productoId":1,"cantidad":3,"precioDetalle":null}]}
    Session Attrs = {}

Handler:
             Type = com.gestor.tienda.Controller.OrdenController
           Method = com.gestor.tienda.Controller.OrdenController#createOrden(OrdenDto)

Async:
    Async started = false
     Async result = null

Resolved Exception:
             Type = org.springframework.http.converter.HttpMessageNotWritableException

ModelAndView:
        View name = null
             View = null
            Model = null

FlashMap:
       Attributes = null

MockHttpServletResponse:
           Status = 500
    Error message = null
          Headers = [Vary:"Origin", "Access-Control-Request-Method", "Access-Control-Request-Headers", Content-Type:"application/json", X-Content-Type-Options:"nosniff", X-XSS-Protection:"0", Cache-Control:"no-cache, no-store, max-age=0, must-revalidate", Pragma:"no-cache", Expires:"0", X-Frame-Options:"DENY"]
     Content type = application/json
             Body = 
    Forwarded URL = null
   Redirected URL = null
          Cookies = []
]]></system-out>
  </testcase>
  <testcase name="testGetOrdenByIdNotFound" classname="com.gestor.tienda.PruebasDeIntegracion.OrdenControllerIntegrationTest" time="0.256">
    <system-out><![CDATA[Hibernate: select e1_0.id,e1_0.apellido,e1_0.dni,e1_0.domicilio,e1_0.email,e1_0.nombre,e1_0.password,e1_0.rol,e1_0.telefono,e1_0.username from empleado e1_0 where e1_0.username=?
Hibernate: select e1_0.id,e1_0.apellido,e1_0.dni,e1_0.domicilio,e1_0.email,e1_0.nombre,e1_0.password,e1_0.rol,e1_0.telefono,e1_0.username from empleado e1_0 where e1_0.username=?
Hibernate: select e1_0.id,e1_0.apellido,e1_0.dni,e1_0.domicilio,e1_0.email,e1_0.nombre,e1_0.password,e1_0.rol,e1_0.telefono,e1_0.username from empleado e1_0 where e1_0.username=?
Hibernate: select o1_0.id,o1_0.cliente_id,c1_0.id,c1_0.apellido,c1_0.dni,c1_0.domicilio,c1_0.email,c1_0.nombre,c1_0.telefono,o1_0.empleado_id,e1_0.id,e1_0.apellido,e1_0.dni,e1_0.domicilio,e1_0.email,e1_0.nombre,e1_0.password,e1_0.rol,e1_0.telefono,e1_0.username,o1_0.fecha,o1_0.forma_pago_id,fp1_0.id,fp1_0.nombre,o1_0.hora,o1_0.precio_total from orden o1_0 join cliente c1_0 on c1_0.id=o1_0.cliente_id join empleado e1_0 on e1_0.id=o1_0.empleado_id join forma_pago fp1_0 on fp1_0.id=o1_0.forma_pago_id where o1_0.id=?

MockHttpServletRequest:
      HTTP Method = GET
      Request URI = /api/ordenes/999
       Parameters = {}
          Headers = [Content-Type:"application/json;charset=UTF-8", Authorization:"Bearer eyJhbGciOiJIUzI1NiJ9.eyJzdWIiOiJ1c2VyMSIsImlhdCI6MTczMjIxODY3MCwiZXhwIjoxNzMyMjIwMTEwfQ.H8dkX_LEE6JBpnyeXv552EJcTzKzlZ85MSU4tB1Pon4"]
             Body = null
    Session Attrs = {}

Handler:
             Type = com.gestor.tienda.Controller.OrdenController
           Method = com.gestor.tienda.Controller.OrdenController#getOrdenById(Integer)

Async:
    Async started = false
     Async result = null

Resolved Exception:
             Type = null

ModelAndView:
        View name = null
             View = null
            Model = null

FlashMap:
       Attributes = null

MockHttpServletResponse:
           Status = 404
    Error message = null
          Headers = [Vary:"Origin", "Access-Control-Request-Method", "Access-Control-Request-Headers", X-Content-Type-Options:"nosniff", X-XSS-Protection:"0", Cache-Control:"no-cache, no-store, max-age=0, must-revalidate", Pragma:"no-cache", Expires:"0", X-Frame-Options:"DENY"]
     Content type = null
             Body = 
    Forwarded URL = null
   Redirected URL = null
          Cookies = []
]]></system-out>
  </testcase>
  <testcase name="testDeleteOrdenSuccess" classname="com.gestor.tienda.PruebasDeIntegracion.OrdenControllerIntegrationTest" time="0.194">
    <failure message="Status expected:&lt;204&gt; but was:&lt;404&gt;" type="java.lang.AssertionError"><![CDATA[java.lang.AssertionError: Status expected:<204> but was:<404>
	at org.springframework.test.util.AssertionErrors.fail(AssertionErrors.java:59)
	at org.springframework.test.util.AssertionErrors.assertEquals(AssertionErrors.java:122)
	at org.springframework.test.web.servlet.result.StatusResultMatchers.lambda$matcher$9(StatusResultMatchers.java:637)
	at org.springframework.test.web.servlet.MockMvc$1.andExpect(MockMvc.java:214)
	at com.gestor.tienda.PruebasDeIntegracion.OrdenControllerIntegrationTest.testDeleteOrdenSuccess(OrdenControllerIntegrationTest.java:115)
	at java.base/java.lang.reflect.Method.invoke(Method.java:568)
	at java.base/java.util.ArrayList.forEach(ArrayList.java:1511)
	at java.base/java.util.ArrayList.forEach(ArrayList.java:1511)
]]></failure>
    <system-out><![CDATA[Hibernate: select e1_0.id,e1_0.apellido,e1_0.dni,e1_0.domicilio,e1_0.email,e1_0.nombre,e1_0.password,e1_0.rol,e1_0.telefono,e1_0.username from empleado e1_0 where e1_0.username=?
Hibernate: select e1_0.id,e1_0.apellido,e1_0.dni,e1_0.domicilio,e1_0.email,e1_0.nombre,e1_0.password,e1_0.rol,e1_0.telefono,e1_0.username from empleado e1_0 where e1_0.username=?
Hibernate: select e1_0.id,e1_0.apellido,e1_0.dni,e1_0.domicilio,e1_0.email,e1_0.nombre,e1_0.password,e1_0.rol,e1_0.telefono,e1_0.username from empleado e1_0 where e1_0.username=?
Hibernate: select count(*) from orden o1_0 where o1_0.id=?

MockHttpServletRequest:
      HTTP Method = DELETE
      Request URI = /api/ordenes/3
       Parameters = {}
          Headers = [Content-Type:"application/json;charset=UTF-8", Authorization:"Bearer eyJhbGciOiJIUzI1NiJ9.eyJzdWIiOiJ1c2VyMSIsImlhdCI6MTczMjIxODY3MCwiZXhwIjoxNzMyMjIwMTEwfQ.H8dkX_LEE6JBpnyeXv552EJcTzKzlZ85MSU4tB1Pon4"]
             Body = null
    Session Attrs = {}

Handler:
             Type = com.gestor.tienda.Controller.OrdenController
           Method = com.gestor.tienda.Controller.OrdenController#deleteOrden(Integer)

Async:
    Async started = false
     Async result = null

Resolved Exception:
             Type = null

ModelAndView:
        View name = null
             View = null
            Model = null

FlashMap:
       Attributes = null

MockHttpServletResponse:
           Status = 404
    Error message = null
          Headers = [Vary:"Origin", "Access-Control-Request-Method", "Access-Control-Request-Headers", X-Content-Type-Options:"nosniff", X-XSS-Protection:"0", Cache-Control:"no-cache, no-store, max-age=0, must-revalidate", Pragma:"no-cache", Expires:"0", X-Frame-Options:"DENY"]
     Content type = null
             Body = 
    Forwarded URL = null
   Redirected URL = null
          Cookies = []

MockHttpServletRequest:
      HTTP Method = POST
      Request URI = /auth/login
       Parameters = {}
          Headers = [Content-Type:"application/json;charset=UTF-8", Content-Length:"41"]
             Body = {"username":"user1","password":"user123"}
    Session Attrs = {}

Handler:
             Type = com.gestor.tienda.Auth.AuthController
           Method = com.gestor.tienda.Auth.AuthController#login(LoginRequest)

Async:
    Async started = false
     Async result = null

Resolved Exception:
             Type = null

ModelAndView:
        View name = null
             View = null
            Model = null

FlashMap:
       Attributes = null

MockHttpServletResponse:
           Status = 200
    Error message = null
          Headers = [Vary:"Origin", "Access-Control-Request-Method", "Access-Control-Request-Headers", Authorization:"Bearer eyJhbGciOiJIUzI1NiJ9.eyJzdWIiOiJ1c2VyMSIsImlhdCI6MTczMjIxODY3MCwiZXhwIjoxNzMyMjIwMTEwfQ.H8dkX_LEE6JBpnyeXv552EJcTzKzlZ85MSU4tB1Pon4", Content-Type:"text/plain;charset=UTF-8", Content-Length:"131", X-Content-Type-Options:"nosniff", X-XSS-Protection:"0", Cache-Control:"no-cache, no-store, max-age=0, must-revalidate", Pragma:"no-cache", Expires:"0", X-Frame-Options:"DENY"]
     Content type = text/plain;charset=UTF-8
             Body = eyJhbGciOiJIUzI1NiJ9.eyJzdWIiOiJ1c2VyMSIsImlhdCI6MTczMjIxODY3MCwiZXhwIjoxNzMyMjIwMTEwfQ.H8dkX_LEE6JBpnyeXv552EJcTzKzlZ85MSU4tB1Pon4
    Forwarded URL = null
   Redirected URL = null
          Cookies = []

MockHttpServletRequest:
      HTTP Method = DELETE
      Request URI = /api/ordenes/3
       Parameters = {}
          Headers = [Content-Type:"application/json;charset=UTF-8", Authorization:"Bearer eyJhbGciOiJIUzI1NiJ9.eyJzdWIiOiJ1c2VyMSIsImlhdCI6MTczMjIxODY3MCwiZXhwIjoxNzMyMjIwMTEwfQ.H8dkX_LEE6JBpnyeXv552EJcTzKzlZ85MSU4tB1Pon4"]
             Body = null
    Session Attrs = {}

Handler:
             Type = com.gestor.tienda.Controller.OrdenController
           Method = com.gestor.tienda.Controller.OrdenController#deleteOrden(Integer)

Async:
    Async started = false
     Async result = null

Resolved Exception:
             Type = null

ModelAndView:
        View name = null
             View = null
            Model = null

FlashMap:
       Attributes = null

MockHttpServletResponse:
           Status = 404
    Error message = null
          Headers = [Vary:"Origin", "Access-Control-Request-Method", "Access-Control-Request-Headers", X-Content-Type-Options:"nosniff", X-XSS-Protection:"0", Cache-Control:"no-cache, no-store, max-age=0, must-revalidate", Pragma:"no-cache", Expires:"0", X-Frame-Options:"DENY"]
     Content type = null
             Body = 
    Forwarded URL = null
   Redirected URL = null
          Cookies = []
]]></system-out>
  </testcase>
</testsuite>