<?xml version="1.0" encoding="UTF-8"?>
<testsuite xmlns:xsi="http://www.w3.org/2001/XMLSchema-instance" xsi:noNamespaceSchemaLocation="https://maven.apache.org/surefire/maven-surefire-plugin/xsd/surefire-test-report-3.0.xsd" version="3.0" name="com.gestor.tienda.PruebasDeIntegracion.OrdenControllerIntegrationTest" time="2.561" tests="4" errors="0" skipped="0" failures="2">
  <properties>
[...]
</properties>
  <testcase name="testUpdateOrdenSuccess" classname="com.gestor.tienda.PruebasDeIntegracion.OrdenControllerIntegrationTest" time="0.438">
    <failure message="Status expected:&lt;200&gt; but was:&lt;404&gt;" type="java.lang.AssertionError"><![CDATA[java.lang.AssertionError: Status expected:<200> but was:<404>
	at org.springframework.test.util.AssertionErrors.fail(AssertionErrors.java:59)
	at org.springframework.test.util.AssertionErrors.assertEquals(AssertionErrors.java:122)
	at org.springframework.test.web.servlet.result.StatusResultMatchers.lambda$matcher$9(StatusResultMatchers.java:637)
	at org.springframework.test.web.servlet.MockMvc$1.andExpect(MockMvc.java:214)
	at com.gestor.tienda.PruebasDeIntegracion.OrdenControllerIntegrationTest.testUpdateOrdenSuccess(OrdenControllerIntegrationTest.java:105)
	at java.base/java.lang.reflect.Method.invoke(Method.java:568)
	at java.base/java.util.ArrayList.forEach(ArrayList.java:1511)
	at java.base/java.util.ArrayList.forEach(ArrayList.java:1511)
]]></failure>
    <system-out><![CDATA[2025-09-16T17:11:02.316-03:00  INFO 9976 --- [           main] t.c.s.AnnotationConfigContextLoaderUtils : Could not detect default configuration classes for test class [com.gestor.tienda.PruebasDeIntegracion.OrdenControllerIntegrationTest]: OrdenControllerIntegrationTest does not declare any static, non-private, non-final, nested classes annotated with @Configuration.
2025-09-16T17:11:02.332-03:00  INFO 9976 --- [           main] .b.t.c.SpringBootTestContextBootstrapper : Found @SpringBootConfiguration com.gestor.tienda.TiendaApplication for test class com.gestor.tienda.PruebasDeIntegracion.OrdenControllerIntegrationTest
Hibernate: select e1_0.id,e1_0.apellido,e1_0.dni,e1_0.domicilio,e1_0.email,e1_0.nombre,e1_0.password,e1_0.rol,e1_0.telefono,e1_0.username from empleado e1_0 where e1_0.username=?
Hibernate: select e1_0.id,e1_0.apellido,e1_0.dni,e1_0.domicilio,e1_0.email,e1_0.nombre,e1_0.password,e1_0.rol,e1_0.telefono,e1_0.username from empleado e1_0 where e1_0.username=?
Hibernate: select e1_0.id,e1_0.apellido,e1_0.dni,e1_0.domicilio,e1_0.email,e1_0.nombre,e1_0.password,e1_0.rol,e1_0.telefono,e1_0.username from empleado e1_0 where e1_0.username=?
Hibernate: select count(*) from orden o1_0 where o1_0.id=?

MockHttpServletRequest:
      HTTP Method = PUT
      Request URI = /api/ordenes/20
       Parameters = {}
          Headers = [Content-Type:"application/json;charset=UTF-8", Authorization:"Bearer eyJhbGciOiJIUzI1NiJ9.eyJzdWIiOiJ1c2VyMSIsImlhdCI6MTc1ODA1MzQ2MiwiZXhwIjoxNzU4MDU0OTAyfQ.3amn6FqwlxmIi-VL7cwgstizbpDZu5xTCeIT__f4gww", Content-Length:"220"]
             Body = {"id":0,"fecha":"2025-09-16","hora":"17:11:02.5962043","clienteId":2,"formaPagoId":3,"empleadoId":2,"precioTotal":null,"detallesOrden":[{"id":0,"ordenId":0,"productoId":1,"cantidad":3,"precioDetalle":null,"talle":null}]}
    Session Attrs = {}

Handler:
             Type = com.gestor.tienda.Controller.OrdenController
           Method = com.gestor.tienda.Controller.OrdenController#updateOrden(Integer, OrdenDto)

Async:
    Async started = false
     Async result = null

Resolved Exception:
             Type = null

ModelAndView:
        View name = null
             View = null
            Model = null

FlashMap:
       Attributes = null

MockHttpServletResponse:
           Status = 404
    Error message = null
          Headers = [Vary:"Origin", "Access-Control-Request-Method", "Access-Control-Request-Headers", X-Content-Type-Options:"nosniff", X-XSS-Protection:"0", Cache-Control:"no-cache, no-store, max-age=0, must-revalidate", Pragma:"no-cache", Expires:"0", X-Frame-Options:"DENY"]
     Content type = null
             Body = 
    Forwarded URL = null
   Redirected URL = null
          Cookies = []

MockHttpServletRequest:
      HTTP Method = POST
      Request URI = /auth/login
       Parameters = {}
          Headers = [Content-Type:"application/json;charset=UTF-8", Content-Length:"41"]
             Body = {"username":"user1","password":"user123"}
    Session Attrs = {}

Handler:
             Type = com.gestor.tienda.Auth.AuthController
           Method = com.gestor.tienda.Auth.AuthController#login(LoginRequest)

Async:
    Async started = false
     Async result = null

Resolved Exception:
             Type = null

ModelAndView:
        View name = null
             View = null
            Model = null

FlashMap:
       Attributes = null

MockHttpServletResponse:
           Status = 200
    Error message = null
          Headers = [Vary:"Origin", "Access-Control-Request-Method", "Access-Control-Request-Headers", Authorization:"Bearer eyJhbGciOiJIUzI1NiJ9.eyJzdWIiOiJ1c2VyMSIsImlhdCI6MTc1ODA1MzQ2MiwiZXhwIjoxNzU4MDU0OTAyfQ.3amn6FqwlxmIi-VL7cwgstizbpDZu5xTCeIT__f4gww", Content-Type:"text/plain;charset=UTF-8", Content-Length:"131", X-Content-Type-Options:"nosniff", X-XSS-Protection:"0", Cache-Control:"no-cache, no-store, max-age=0, must-revalidate", Pragma:"no-cache", Expires:"0", X-Frame-Options:"DENY"]
     Content type = text/plain;charset=UTF-8
             Body = eyJhbGciOiJIUzI1NiJ9.eyJzdWIiOiJ1c2VyMSIsImlhdCI6MTc1ODA1MzQ2MiwiZXhwIjoxNzU4MDU0OTAyfQ.3amn6FqwlxmIi-VL7cwgstizbpDZu5xTCeIT__f4gww
    Forwarded URL = null
   Redirected URL = null
          Cookies = []

MockHttpServletRequest:
      HTTP Method = PUT
      Request URI = /api/ordenes/20
       Parameters = {}
          Headers = [Content-Type:"application/json;charset=UTF-8", Authorization:"Bearer eyJhbGciOiJIUzI1NiJ9.eyJzdWIiOiJ1c2VyMSIsImlhdCI6MTc1ODA1MzQ2MiwiZXhwIjoxNzU4MDU0OTAyfQ.3amn6FqwlxmIi-VL7cwgstizbpDZu5xTCeIT__f4gww", Content-Length:"220"]
             Body = {"id":0,"fecha":"2025-09-16","hora":"17:11:02.5962043","clienteId":2,"formaPagoId":3,"empleadoId":2,"precioTotal":null,"detallesOrden":[{"id":0,"ordenId":0,"productoId":1,"cantidad":3,"precioDetalle":null,"talle":null}]}
    Session Attrs = {}

Handler:
             Type = com.gestor.tienda.Controller.OrdenController
           Method = com.gestor.tienda.Controller.OrdenController#updateOrden(Integer, OrdenDto)

Async:
    Async started = false
     Async result = null

Resolved Exception:
             Type = null

ModelAndView:
        View name = null
             View = null
            Model = null

FlashMap:
       Attributes = null

MockHttpServletResponse:
           Status = 404
    Error message = null
          Headers = [Vary:"Origin", "Access-Control-Request-Method", "Access-Control-Request-Headers", X-Content-Type-Options:"nosniff", X-XSS-Protection:"0", Cache-Control:"no-cache, no-store, max-age=0, must-revalidate", Pragma:"no-cache", Expires:"0", X-Frame-Options:"DENY"]
     Content type = null
             Body = 
    Forwarded URL = null
   Redirected URL = null
          Cookies = []
]]></system-out>
  </testcase>
  <testcase name="testCreateOrdenSuccess" classname="com.gestor.tienda.PruebasDeIntegracion.OrdenControllerIntegrationTest" time="1.001">
    <failure message="Status expected:&lt;201&gt; but was:&lt;400&gt;" type="java.lang.AssertionError"><![CDATA[java.lang.AssertionError: Status expected:<201> but was:<400>
	at org.springframework.test.util.AssertionErrors.fail(AssertionErrors.java:59)
	at org.springframework.test.util.AssertionErrors.assertEquals(AssertionErrors.java:122)
	at org.springframework.test.web.servlet.result.StatusResultMatchers.lambda$matcher$9(StatusResultMatchers.java:637)
	at org.springframework.test.web.servlet.MockMvc$1.andExpect(MockMvc.java:214)
	at com.gestor.tienda.PruebasDeIntegracion.OrdenControllerIntegrationTest.testCreateOrdenSuccess(OrdenControllerIntegrationTest.java:69)
	at java.base/java.lang.reflect.Method.invoke(Method.java:568)
	at java.base/java.util.ArrayList.forEach(ArrayList.java:1511)
	at java.base/java.util.ArrayList.forEach(ArrayList.java:1511)
]]></failure>
    <system-out><![CDATA[Hibernate: select e1_0.id,e1_0.apellido,e1_0.dni,e1_0.domicilio,e1_0.email,e1_0.nombre,e1_0.password,e1_0.rol,e1_0.telefono,e1_0.username from empleado e1_0 where e1_0.username=?
Hibernate: select e1_0.id,e1_0.apellido,e1_0.dni,e1_0.domicilio,e1_0.email,e1_0.nombre,e1_0.password,e1_0.rol,e1_0.telefono,e1_0.username from empleado e1_0 where e1_0.username=?
Hibernate: select e1_0.id,e1_0.apellido,e1_0.dni,e1_0.domicilio,e1_0.email,e1_0.nombre,e1_0.password,e1_0.rol,e1_0.telefono,e1_0.username from empleado e1_0 where e1_0.username=?
Hibernate: select p1_0.id,p1_0.color,p1_0.marca,p1_0.nombre,p1_0.precio,tp1_0.id,tp1_0.descripcion,tp1_0.nombre from producto p1_0 left join tipo_prenda tp1_0 on tp1_0.id=p1_0.tipo_prenda_id where p1_0.id=?
Hibernate: select spt1_0.producto_id,spt1_0.talle,spt1_0.cantidad from stock_por_talle spt1_0 where spt1_0.producto_id=?

MockHttpServletRequest:
      HTTP Method = POST
      Request URI = /api/ordenes
       Parameters = {}
          Headers = [Content-Type:"application/json;charset=UTF-8", Authorization:"Bearer eyJhbGciOiJIUzI1NiJ9.eyJzdWIiOiJ1c2VyMSIsImlhdCI6MTc1ODA1MzQ2MywiZXhwIjoxNzU4MDU0OTAzfQ.kwmMgKq-kP3FxO_-7nGl-A1RD4ZyNRIttmqh0be4phA", Content-Length:"220"]
             Body = {"id":0,"fecha":"2025-09-16","hora":"17:11:03.3403142","clienteId":2,"formaPagoId":1,"empleadoId":2,"precioTotal":null,"detallesOrden":[{"id":0,"ordenId":0,"productoId":1,"cantidad":3,"precioDetalle":null,"talle":null}]}
    Session Attrs = {}

Handler:
             Type = com.gestor.tienda.Controller.OrdenController
           Method = com.gestor.tienda.Controller.OrdenController#createOrden(OrdenDto)

Async:
    Async started = false
     Async result = null

Resolved Exception:
             Type = null

ModelAndView:
        View name = null
             View = null
            Model = null

FlashMap:
       Attributes = null

MockHttpServletResponse:
           Status = 400
    Error message = null
          Headers = [Vary:"Origin", "Access-Control-Request-Method", "Access-Control-Request-Headers", X-Content-Type-Options:"nosniff", X-XSS-Protection:"0", Cache-Control:"no-cache, no-store, max-age=0, must-revalidate", Pragma:"no-cache", Expires:"0", X-Frame-Options:"DENY"]
     Content type = null
             Body = 
    Forwarded URL = null
   Redirected URL = null
          Cookies = []

MockHttpServletRequest:
      HTTP Method = POST
      Request URI = /auth/login
       Parameters = {}
          Headers = [Content-Type:"application/json;charset=UTF-8", Content-Length:"41"]
             Body = {"username":"user1","password":"user123"}
    Session Attrs = {}

Handler:
             Type = com.gestor.tienda.Auth.AuthController
           Method = com.gestor.tienda.Auth.AuthController#login(LoginRequest)

Async:
    Async started = false
     Async result = null

Resolved Exception:
             Type = null

ModelAndView:
        View name = null
             View = null
            Model = null

FlashMap:
       Attributes = null

MockHttpServletResponse:
           Status = 200
    Error message = null
          Headers = [Vary:"Origin", "Access-Control-Request-Method", "Access-Control-Request-Headers", Authorization:"Bearer eyJhbGciOiJIUzI1NiJ9.eyJzdWIiOiJ1c2VyMSIsImlhdCI6MTc1ODA1MzQ2MywiZXhwIjoxNzU4MDU0OTAzfQ.kwmMgKq-kP3FxO_-7nGl-A1RD4ZyNRIttmqh0be4phA", Content-Type:"text/plain;charset=UTF-8", Content-Length:"131", X-Content-Type-Options:"nosniff", X-XSS-Protection:"0", Cache-Control:"no-cache, no-store, max-age=0, must-revalidate", Pragma:"no-cache", Expires:"0", X-Frame-Options:"DENY"]
     Content type = text/plain;charset=UTF-8
             Body = eyJhbGciOiJIUzI1NiJ9.eyJzdWIiOiJ1c2VyMSIsImlhdCI6MTc1ODA1MzQ2MywiZXhwIjoxNzU4MDU0OTAzfQ.kwmMgKq-kP3FxO_-7nGl-A1RD4ZyNRIttmqh0be4phA
    Forwarded URL = null
   Redirected URL = null
          Cookies = []

MockHttpServletRequest:
      HTTP Method = POST
      Request URI = /api/ordenes
       Parameters = {}
          Headers = [Content-Type:"application/json;charset=UTF-8", Authorization:"Bearer eyJhbGciOiJIUzI1NiJ9.eyJzdWIiOiJ1c2VyMSIsImlhdCI6MTc1ODA1MzQ2MywiZXhwIjoxNzU4MDU0OTAzfQ.kwmMgKq-kP3FxO_-7nGl-A1RD4ZyNRIttmqh0be4phA", Content-Length:"220"]
             Body = {"id":0,"fecha":"2025-09-16","hora":"17:11:03.3403142","clienteId":2,"formaPagoId":1,"empleadoId":2,"precioTotal":null,"detallesOrden":[{"id":0,"ordenId":0,"productoId":1,"cantidad":3,"precioDetalle":null,"talle":null}]}
    Session Attrs = {}

Handler:
             Type = com.gestor.tienda.Controller.OrdenController
           Method = com.gestor.tienda.Controller.OrdenController#createOrden(OrdenDto)

Async:
    Async started = false
     Async result = null

Resolved Exception:
             Type = null

ModelAndView:
        View name = null
             View = null
            Model = null

FlashMap:
       Attributes = null

MockHttpServletResponse:
           Status = 400
    Error message = null
          Headers = [Vary:"Origin", "Access-Control-Request-Method", "Access-Control-Request-Headers", X-Content-Type-Options:"nosniff", X-XSS-Protection:"0", Cache-Control:"no-cache, no-store, max-age=0, must-revalidate", Pragma:"no-cache", Expires:"0", X-Frame-Options:"DENY"]
     Content type = null
             Body = 
    Forwarded URL = null
   Redirected URL = null
          Cookies = []
]]></system-out>
  </testcase>
  <testcase name="testGetOrdenByIdNotFound" classname="com.gestor.tienda.PruebasDeIntegracion.OrdenControllerIntegrationTest" time="0.476">
    <system-out><![CDATA[Hibernate: select e1_0.id,e1_0.apellido,e1_0.dni,e1_0.domicilio,e1_0.email,e1_0.nombre,e1_0.password,e1_0.rol,e1_0.telefono,e1_0.username from empleado e1_0 where e1_0.username=?
Hibernate: select e1_0.id,e1_0.apellido,e1_0.dni,e1_0.domicilio,e1_0.email,e1_0.nombre,e1_0.password,e1_0.rol,e1_0.telefono,e1_0.username from empleado e1_0 where e1_0.username=?
Hibernate: select e1_0.id,e1_0.apellido,e1_0.dni,e1_0.domicilio,e1_0.email,e1_0.nombre,e1_0.password,e1_0.rol,e1_0.telefono,e1_0.username from empleado e1_0 where e1_0.username=?
Hibernate: select o1_0.id,o1_0.cliente_id,c1_0.id,c1_0.apellido,c1_0.dni,c1_0.domicilio,c1_0.email,c1_0.nombre,c1_0.telefono,o1_0.empleado_id,e1_0.id,e1_0.apellido,e1_0.dni,e1_0.domicilio,e1_0.email,e1_0.nombre,e1_0.password,e1_0.rol,e1_0.telefono,e1_0.username,o1_0.fecha,o1_0.forma_pago_id,fp1_0.id,fp1_0.nombre,o1_0.hora,o1_0.precio_total from orden o1_0 join cliente c1_0 on c1_0.id=o1_0.cliente_id join empleado e1_0 on e1_0.id=o1_0.empleado_id join forma_pago fp1_0 on fp1_0.id=o1_0.forma_pago_id where o1_0.id=?

MockHttpServletRequest:
      HTTP Method = GET
      Request URI = /api/ordenes/999
       Parameters = {}
          Headers = [Content-Type:"application/json;charset=UTF-8", Authorization:"Bearer eyJhbGciOiJIUzI1NiJ9.eyJzdWIiOiJ1c2VyMSIsImlhdCI6MTc1ODA1MzQ2NCwiZXhwIjoxNzU4MDU0OTA0fQ.UvmqfV-Xk-xxPHgdo9rWo-n9JV2qfiDLQ3e85xcqrX4"]
             Body = null
    Session Attrs = {}

Handler:
             Type = com.gestor.tienda.Controller.OrdenController
           Method = com.gestor.tienda.Controller.OrdenController#getOrdenById(Integer)

Async:
    Async started = false
     Async result = null

Resolved Exception:
             Type = null

ModelAndView:
        View name = null
             View = null
            Model = null

FlashMap:
       Attributes = null

MockHttpServletResponse:
           Status = 404
    Error message = null
          Headers = [Vary:"Origin", "Access-Control-Request-Method", "Access-Control-Request-Headers", X-Content-Type-Options:"nosniff", X-XSS-Protection:"0", Cache-Control:"no-cache, no-store, max-age=0, must-revalidate", Pragma:"no-cache", Expires:"0", X-Frame-Options:"DENY"]
     Content type = null
             Body = 
    Forwarded URL = null
   Redirected URL = null
          Cookies = []
]]></system-out>
  </testcase>
  <testcase name="testDeleteOrdenSuccess" classname="com.gestor.tienda.PruebasDeIntegracion.OrdenControllerIntegrationTest" time="0.583">
    <system-out><![CDATA[Hibernate: select e1_0.id,e1_0.apellido,e1_0.dni,e1_0.domicilio,e1_0.email,e1_0.nombre,e1_0.password,e1_0.rol,e1_0.telefono,e1_0.username from empleado e1_0 where e1_0.username=?
Hibernate: select e1_0.id,e1_0.apellido,e1_0.dni,e1_0.domicilio,e1_0.email,e1_0.nombre,e1_0.password,e1_0.rol,e1_0.telefono,e1_0.username from empleado e1_0 where e1_0.username=?
Hibernate: select e1_0.id,e1_0.apellido,e1_0.dni,e1_0.domicilio,e1_0.email,e1_0.nombre,e1_0.password,e1_0.rol,e1_0.telefono,e1_0.username from empleado e1_0 where e1_0.username=?
Hibernate: select count(*) from orden o1_0 where o1_0.id=?
Hibernate: select o1_0.id,o1_0.cliente_id,c1_0.id,c1_0.apellido,c1_0.dni,c1_0.domicilio,c1_0.email,c1_0.nombre,c1_0.telefono,o1_0.empleado_id,e1_0.id,e1_0.apellido,e1_0.dni,e1_0.domicilio,e1_0.email,e1_0.nombre,e1_0.password,e1_0.rol,e1_0.telefono,e1_0.username,o1_0.fecha,o1_0.forma_pago_id,fp1_0.id,fp1_0.nombre,o1_0.hora,o1_0.precio_total from orden o1_0 join cliente c1_0 on c1_0.id=o1_0.cliente_id join empleado e1_0 on e1_0.id=o1_0.empleado_id join forma_pago fp1_0 on fp1_0.id=o1_0.forma_pago_id where o1_0.id=?
Hibernate: select do1_0.orden_id,do1_0.id,do1_0.cantidad,do1_0.precio_detalle,do1_0.producto_id,p1_0.id,p1_0.color,p1_0.marca,p1_0.nombre,p1_0.precio,tp1_0.id,tp1_0.descripcion,tp1_0.nombre,do1_0.talle from detalle_orden do1_0 left join producto p1_0 on p1_0.id=do1_0.producto_id left join tipo_prenda tp1_0 on tp1_0.id=p1_0.tipo_prenda_id where do1_0.orden_id=?
Hibernate: select spt1_0.producto_id,spt1_0.talle,spt1_0.cantidad from stock_por_talle spt1_0 where spt1_0.producto_id=?
Hibernate: update stock_por_talle set cantidad=? where producto_id=? and talle=?
Hibernate: insert into movimiento_stock (cantidad,fecha,producto_id,talle,tipo_movimiento) values (?,?,?,?,?)
Hibernate: delete from detalle_orden where id=?
Hibernate: delete from orden where id=?

MockHttpServletRequest:
      HTTP Method = DELETE
      Request URI = /api/ordenes/3
       Parameters = {}
          Headers = [Content-Type:"application/json;charset=UTF-8", Authorization:"Bearer eyJhbGciOiJIUzI1NiJ9.eyJzdWIiOiJ1c2VyMSIsImlhdCI6MTc1ODA1MzQ2NCwiZXhwIjoxNzU4MDU0OTA0fQ.UvmqfV-Xk-xxPHgdo9rWo-n9JV2qfiDLQ3e85xcqrX4"]
             Body = null
    Session Attrs = {}

Handler:
             Type = com.gestor.tienda.Controller.OrdenController
           Method = com.gestor.tienda.Controller.OrdenController#deleteOrden(Integer)

Async:
    Async started = false
     Async result = null

Resolved Exception:
             Type = null

ModelAndView:
        View name = null
             View = null
            Model = null

FlashMap:
       Attributes = null

MockHttpServletResponse:
           Status = 204
    Error message = null
          Headers = [Vary:"Origin", "Access-Control-Request-Method", "Access-Control-Request-Headers", X-Content-Type-Options:"nosniff", X-XSS-Protection:"0", Cache-Control:"no-cache, no-store, max-age=0, must-revalidate", Pragma:"no-cache", Expires:"0", X-Frame-Options:"DENY"]
     Content type = null
             Body = 
    Forwarded URL = null
   Redirected URL = null
          Cookies = []
]]></system-out>
  </testcase>
</testsuite>